[0mPOST /api/v1/signup [32m200[0m 303.486 ms - 36[0m
[0mPOST /api/v1/login [32m200[0m 428.906 ms - 221[0m
[0mGET /api/v1/refreshtoken [32m200[0m 574.859 ms - 221[0m
[0mPOST /api/v1/forgetPassword [32m200[0m 15.722 ms - 81[0m
[0mPOST /api/v1/forgetPassword [32m200[0m 20.956 ms - 81[0m
[0mPUT /api/v1/resetPassword/6514959849560aa74efa47701ba0f96780b914277a9d458e485f215f5ff8d2b9 [32m200[0m 143.569 ms - 215[0m
[0mPUT /api/v1/resetPassword/6514959849560aa74efa47701ba0f96780b914277a9d458e485f215f5ff8d2b9 [33m400[0m 27.994 ms - 323[0m
[0mPOST /api/v1/forgetPassword [32m200[0m 37.567 ms - 81[0m
[0mPUT /api/v1/resetPassword/8dee5526472b9edbcb18b64a2bed60fb183da1c3bacf80cd7210171036c21645 [32m200[0m 184.143 ms - 221[0m
[0mPOST /api/v1/login [32m200[0m 695.345 ms - 221[0m
[0mPUT /api/v1/updatePassword [33m401[0m 119.542 ms - 213[0m
[0mPUT /api/v1/updatePassword [32m200[0m 272.233 ms - 43[0m
[0mGET /api/v1/me [32m200[0m 4.377 ms - 13[0m
[0mPOST /api/v1/application [31m500[0m 9.378 ms - 1357[0m
[0mPOST /api/v1/application [31m500[0m 7.445 ms - 1357[0m
[0mPOST /api/v1/application [31m500[0m 2.112 ms - 1357[0m
[0mPOST /api/v1/application [31m500[0m 7.303 ms - 1357[0m
[0mPOST /api/v1/application [32m200[0m 46.465 ms - 141[0m
[0mPOST /api/v1/application [32m200[0m 54.331 ms - 141[0m
[0mPOST /api/v1/application [32m200[0m 46.122 ms - 141[0m
[0mPOST /api/v1/application [32m200[0m 71.210 ms - 141[0m
[0mPOST /api/v1/application [32m200[0m 67.516 ms - 182[0m
[0mPOST /api/v1/application [32m200[0m 68.179 ms - 182[0m
[0mPOST /api/v1/application [32m200[0m 12.775 ms - 182[0m
[0mPOST /api/v1/application [32m200[0m 63.725 ms - 182[0m
[0mPOST /api/v1/application [32m200[0m 56.744 ms - 182[0m
[0mPOST /api/v1/application [32m200[0m 15.814 ms - 182[0m
[0mPOST /api/v1/application [31m500[0m 13.130 ms - 1369[0m
[0mPOST /api/v1/application [33m403[0m 15.828 ms - 1410[0m
[0mPOST /api/v1/application [33m401[0m 15.922 ms - 1249[0m
[0mPOST /api/v1/application [33m401[0m 3.024 ms - 1249[0m
[0mGET /api/v1/refreshtoken [33m403[0m 786.562 ms - 285[0m
[0mPOST /api/v1/application [33m401[0m 0.920 ms - 1275[0m
[0mPOST /api/v1/login [32m200[0m 486.169 ms - 221[0m
[0mPOST /api/v1/login [32m200[0m 385.967 ms - 221[0m
[0mGET /api/v1/refreshtoken [32m200[0m 578.274 ms - 221[0m
[0mPOST /api/v1/application [32m200[0m 16.696 ms - 182[0m
[0mPOST /api/v1/application [32m200[0m 60.218 ms - 182[0m
[0mPOST /api/v1/application [32m200[0m 10.877 ms - 182[0m
[0mPOST /api/v1/application [31m500[0m 11.262 ms - 1369[0m
[0mPOST /api/v1/application [31m500[0m 9.954 ms - 1369[0m
[0mPOST /api/v1/application [32m200[0m 57.225 ms - 182[0m
[0mPOST /api/v1/application [32m200[0m 15.572 ms - 182[0m
[0mPOST /api/v1/login [33m404[0m 2.917 ms - 152[0m
[0mPOST /api/v1/login [33m404[0m 0.397 ms - 152[0m
[0mPOST /api/v1/login [33m404[0m 4.001 ms - 152[0m
[0mPOST /api/v1/login [33m404[0m 0.623 ms - 152[0m
[0mPOST /api/v1/login [33m404[0m 0.376 ms - 152[0m
[0mPOST /api/v1/user/login [33m404[0m 66.311 ms - 317[0m
[0mPOST /api/v1/user/signup [31m500[0m 186.978 ms - 1239[0m
[0mPOST /api/v1/user/signup [32m200[0m 126.798 ms - 36[0m
[0mPOST /api/v1/user/login [32m200[0m 395.793 ms - 221[0m
[0mGET /api/v1/application [31m500[0m 1.257 ms - 1357[0m
[0mGET /api/v1/application [33m400[0m 4.388 ms - 1318[0m
[0mGET /api/v1/application [33m403[0m 6.602 ms - 1342[0m
[0mPOST /api/v1/user/login [32m200[0m 464.881 ms - 219[0m
[0mGET /api/v1/application [33m403[0m 2.195 ms - 1342[0m
[0mGET /api/v1/application [33m403[0m 23.845 ms - 1342[0m
[0mGET /api/v1/application [32m200[0m 36.016 ms - 143[0m
[0mPOST /api/v1/application [32m200[0m 40.227 ms - 182[0m
[0mGET /api/v1/application [32m200[0m 8.703 ms - 268[0m
[0mPUT /api/v1/application/6784a4fc8f8a346c3b937b8e [31m500[0m 47.319 ms - 277[0m
[0mPUT /api/v1/application/6784a4fc8f8a346c3b937b8e [31m500[0m 47.116 ms - 277[0m
[0mPUT /api/v1/application/6784a4fc8f8a346c3b937b8e [31m500[0m 8.871 ms - 277[0m
[0mPUT /api/v1/application/6784a4fc8f8a346c3b937b8e [31m500[0m 52.416 ms - 277[0m
[0mPUT /api/v1/application/6784a4fc8f8a346c3b937b8e [31m500[0m 49.221 ms - 277[0m
[0mPUT /api/v1/application/6784a4fc8f8a346c3b937b8e [32m200[0m 97.252 ms - 228[0m
[0mPUT /api/v1/application/6784a4fc8f8a346c3b937b8e [32m200[0m 86.954 ms - 268[0m
[0mPUT /api/v1/application/6784a4fc8f8a346c3b937b8e [32m200[0m 26.642 ms - 351[0m
[0mPUT /api/v1/application/6784a4fc8f8a346c3b937b8e [32m200[0m 107.941 ms - 351[0m
[0mPUT /api/v1/application/6784a4fc8f8a346c3b937b8e [32m200[0m 37.374 ms - 351[0m
[0mPUT /api/v1/application/6784a4fc8f8a346c3b937b8e [32m200[0m 117.262 ms - 351[0m
[0mPOST /api/v1/application [32m200[0m 66.572 ms - 182[0m
[0mPUT /api/v1/application/6784a8fd0c6b045d3fe44463 [32m200[0m 61.869 ms - 268[0m
[0mPOST /api/v1/user/signup [32m200[0m 2046.457 ms - 36[0m
[0mPOST /api/v1/user/signup [32m200[0m 133.581 ms - 36[0m
[0mPOST /api/v1/user/login [32m200[0m 513.711 ms - 221[0m
[0mPOST /api/v1/user/login [32m200[0m 495.387 ms - 219[0m
[0mPOST /api/v1/user/login [32m200[0m 374.515 ms - 221[0m
[0mPOST /api/v1/application [32m200[0m 65.014 ms - 182[0m
[0mPOST /api/v1/user/login [32m200[0m 457.070 ms - 219[0m
[0mGET /api/v1/application [32m200[0m 21.447 ms - 767[0m
[0mPUT /api/v1/application/6784a56e625d6a64a4af9f73 [31m500[0m 10.582 ms - 285[0m
[0mPUT /api/v1/application/6784a56e625d6a64a4af9f73 [31m500[0m 12.368 ms - 285[0m
[0mPUT /api/v1/application/6784a56e625d6a64a4af9f73 [33m404[0m 31.911 ms - 309[0m
[0mPUT /api/v1/application/6784a6a0514863d184b61dab [31m500[0m 29.623 ms - 326[0m
[0mPUT /api/v1/application/6784a6a0514863d184b61dab [31m500[0m 56.877 ms - 326[0m
[0mGET /api/v1/application [32m200[0m 16.527 ms - 767[0m
[0mPUT /api/v1/application/6784b0a14a3432c771a10ce9 [32m200[0m 78.146 ms - 268[0m
[0mGET /api/v1/me [33m404[0m 8.703 ms - 148[0m
[0mGET /api/v1/me [33m404[0m 0.853 ms - 148[0m
[0mGET /api/v1/user/me [32m200[0m 50.281 ms - 642[0m
[0mPOST /api/v1/user/login [32m200[0m 394.402 ms - 221[0m
[0mGET /api/v1/user/me [32m200[0m 10.639 ms - 549[0m
[0mPOST /api/v1/application [32m200[0m 14.749 ms - 182[0m
[0mPOST /api/v1/user/login [33m400[0m 169.704 ms - 265[0m
[0mPOST /api/v1/user/login [32m200[0m 379.100 ms - 219[0m
[0mPUT /api/v1/application/6784b0a14a3432c771a10ce9 [33m404[0m 12.091 ms - 309[0m
[0mGET /api/v1/application [32m200[0m 8.765 ms - 143[0m
[0mPUT /api/v1/application/6784b1fa8c9dc1ce2c8c9191 [32m200[0m 42.056 ms - 268[0m
[0mPUT /api/v1/application/6784b1fa8c9dc1ce2c8c9191 [32m200[0m 105.572 ms - 268[0m
[0mPUT /api/v1/application/6784b1fa8c9dc1ce2c8c9191 [32m200[0m 108.546 ms - 268[0m
[0mPOST /api/v1/user/login [32m200[0m 447.255 ms - 221[0m
[0mPOST /api/v1/application [32m200[0m 18.795 ms - 182[0m
[0mPOST /api/v1/application [32m200[0m 53.868 ms - 210[0m
[0mPOST /api/v1/user/login [32m200[0m 426.505 ms - 219[0m
[0mGET /api/v1/application [32m200[0m 11.379 ms - 296[0m
[0mPUT /api/v1/application/6784b335f5825a36d260cb25 [32m200[0m 40.429 ms - 296[0m
